Build started 11/12/2015 7:24:15 PM.
     1>Project "C:\Users\Marina\Google Drive\פרויקט גמר\Sresidue\Project.vcxproj" on node 2 (Build target(s)).
     1>ResourceCompile:
         C:\Program Files (x86)\Windows Kits\8.1\bin\x86\rc.exe /D _UNICODE /D UNICODE /l"0x0409" /nologo /fo"Debug\Project.res" Project.rc 
       Link:
         C:\Program Files (x86)\Microsoft Visual Studio 12.0\VC\bin\link.exe /ERRORREPORT:PROMPT /OUT:"C:\Users\Marina\Google Drive\פרויקט גמר\Sresidue\Debug\Project.exe" /INCREMENTAL /NOLOGO kernel32.lib user32.lib gdi32.lib winspool.lib comdlg32.lib advapi32.lib shell32.lib ole32.lib oleaut32.lib uuid.lib odbc32.lib odbccp32.lib /MANIFEST /MANIFESTUAC:"level='asInvoker' uiAccess='false'" /manifest:embed /DEBUG /PDB:"C:\Users\Marina\Google Drive\פרויקט גמר\Sresidue\Debug\Project.pdb" /SUBSYSTEM:CONSOLE /TLBID:1 /DYNAMICBASE /NXCOMPAT /IMPLIB:"C:\Users\Marina\Google Drive\פרויקט גמר\Sresidue\Debug\Project.lib" /MACHINE:X86 Debug\Project.res
         Debug\CartesianGeometry.obj
         Debug\CartesianPoint.obj
         Debug\Helanal.obj
         Debug\Helix.obj
         Debug\Main.obj
         Debug\Matrix.obj
         Debug\Msa.obj
         Debug\GlobalFunction.obj
         Debug\pssm.obj
         Debug\BaseCartesianPoint.obj
         LINK : C:\Users\Marina\Google Drive\פרויקט גמר\Sresidue\Debug\Project.exe not found or not built by the last incremental link; performing full link
         Project.vcxproj -> C:\Users\Marina\Google Drive\פרויקט גמר\Sresidue\Debug\Project.exe
     1>Done Building Project "C:\Users\Marina\Google Drive\פרויקט גמר\Sresidue\Project.vcxproj" (Build target(s)).

Build succeeded.

Time Elapsed 00:00:01.88
