c:\project\debug\vc120.pdb
c:\project\debug\vc120.idb
c:\project\debug\cartesiangeometry.obj
c:\project\debug\cartesianpoint.obj
c:\project\debug\helanal.obj
c:\project\debug\helix.obj
c:\project\debug\main.obj
c:\project\debug\matrix.obj
c:\project\debug\msa.obj
c:\project\debug\pssm.obj
c:\project\debug\basecartesianpoint.obj
c:\project\debug\project.ilk
c:\project\debug\project.exe
c:\project\debug\project.pdb
c:\project\debug\project.res
c:\project\debug\project.tlog\cl.command.1.tlog
c:\project\debug\project.tlog\cl.read.1.tlog
c:\project\debug\project.tlog\cl.write.1.tlog
c:\project\debug\project.tlog\link.command.1.tlog
c:\project\debug\project.tlog\link.read.1.tlog
c:\project\debug\project.tlog\link.write.1.tlog
c:\project\debug\project.tlog\rc.command.1.tlog
c:\project\debug\project.tlog\rc.read.1.tlog
c:\project\debug\project.tlog\rc.write.1.tlog
